<?xml version="1.0" encoding="UTF-8"?>
<!-- Generated by org.testng.reporters.JUnitReportReporter -->
<testsuite skipped="0" hostname="DESKTOP-UBPG90J" name="EST_ZonalS.TestNgClassExp1" tests="4" failures="0" timestamp="05 Aug 2020 10:07:38 GMT" time="0.033" errors="0">
  <testcase name="C" time="0.003" classname="EST_ZonalS.TestNgClassExp1"/>
  <testcase name="A" time="0.025" classname="EST_ZonalS.TestNgClassExp1"/>
  <testcase name="k" time="0.003" classname="EST_ZonalS.TestNgClassExp1"/>
  <testcase name="f" time="0.002" classname="EST_ZonalS.TestNgClassExp1"/>
</testsuite> <!-- EST_ZonalS.TestNgClassExp1 -->
